<?xml version="1.0" encoding="UTF-8"?>
<testsuite name="com.luke.samples.BasicAnnotationsTest" tests="2" skipped="1" failures="0" errors="0" timestamp="2019-12-03T08:05:47" hostname="kychun-w" time="0.018">
  <properties/>
  <testcase name="simpleSuccessTest()" classname="com.luke.samples.BasicAnnotationsTest" time="0.015"/>
  <testcase name="notImplementsTest()" classname="com.luke.samples.BasicAnnotationsTest" time="0.001">
    <skipped/>
  </testcase>
  <system-out><![CDATA[@BeforeAll : ?씠 ?겢?옒?뒪 ?븞?뿉?꽌 紐⑤뱺 ?뀒?뒪?듃媛? ?닔?뻾?릺湲곗쟾 ?븳踰덈쭔 ?떎?뻾
@BeforeEach : ?씠 ?겢?옒?뒪 ?븞?뿉?꽌 媛? ?뀒?뒪?듃媛? ?닔?뻾?맆?븣 留덈떎 ?떎?뻾
Success
@AfterEach : 媛? ?뀒?뒪?듃媛? ?닔?뻾?맆?븣留덈떎 ?떎?뻾
@AfterAll : 紐⑤뱺 ?뀒?뒪?듃媛? ?닔?뻾?맆?븣?릺怨? ?븳踰덈쭔 ?떎?뻾
]]></system-out>
  <system-err><![CDATA[]]></system-err>
</testsuite>
